# JRE version: Java(TM) SE Runtime Environment (8.0_102-b14) (build 1.8.0_102-b14)
# Java VM: Java HotSpot(TM) 64-Bit Server VM (25.102-b14 mixed mode linux-amd64 compressed oops)
Heap:
 PSYoungGen      total 2330112K, used 1047322K [0x00000006eab00000, 0x00000007c0000000, 0x00000007c0000000)
  eden space 1165312K, 89% used [0x00000006eab00000,0x000000072a9c6bd8,0x0000000731d00000)
  from space 1164800K, 0% used [0x0000000731d00000,0x0000000731d00000,0x0000000778e80000)
  to   space 1164800K, 0% used [0x0000000778e80000,0x0000000778e80000,0x00000007c0000000)
 ParOldGen       total 6990848K, used 6594915K [0x0000000540000000, 0x00000006eab00000, 0x00000006eab00000)
  object space 6990848K, 94% used [0x0000000540000000,0x00000006d2858cb0,0x00000006eab00000)
 Metaspace       used 61942K, capacity 63113K, committed 63656K, reserved 1103872K
  class space    used 9336K, capacity 9529K, committed 9640K, reserved 1048576K
GC Heap History (10 events):
Event: 24727,208 GC heap before
{Heap before GC invocations=14851 (full 14369):
 PSYoungGen      total 2330112K, used 1165312K [0x00000006eab00000, 0x00000007c0000000, 0x00000007c0000000)
  eden space 1165312K, 100% used [0x00000006eab00000,0x0000000731d00000,0x0000000731d00000)
  from space 1164800K, 0% used [0x0000000731d00000,0x0000000731d00000,0x0000000778e80000)
  to   space 1164800K, 0% used [0x0000000778e80000,0x0000000778e80000,0x00000007c0000000)
 ParOldGen       total 6990848K, used 6536200K [0x0000000540000000, 0x00000006eab00000, 0x00000006eab00000)
  object space 6990848K, 93% used [0x0000000540000000,0x00000006cef020f8,0x00000006eab00000)
 Metaspace       used 61934K, capacity 63101K, committed 63656K, reserved 1103872K
  class space    used 9335K, capacity 9527K, committed 9640K, reserved 1048576K
Event: 24727,352 GC heap after
Heap after GC invocations=14851 (full 14369):
 PSYoungGen      total 2330112K, used 0K [0x00000006eab00000, 0x00000007c0000000, 0x00000007c0000000)
  eden space 1165312K, 0% used [0x00000006eab00000,0x00000006eab00000,0x0000000731d00000)
  from space 1164800K, 0% used [0x0000000731d00000,0x0000000731d00000,0x0000000778e80000)
  to   space 1164800K, 0% used [0x0000000778e80000,0x0000000778e80000,0x00000007c0000000)
 ParOldGen       total 6990848K, used 6533626K [0x0000000540000000, 0x00000006eab00000, 0x00000006eab00000)
  object space 6990848K, 93% used [0x0000000540000000,0x00000006cec7e890,0x00000006eab00000)
 Metaspace       used 61929K, capacity 63089K, committed 63656K, reserved 1103872K
  class space    used 9334K, capacity 9525K, committed 9640K, reserved 1048576K
}
Event: 24729,645 GC heap before
{Heap before GC invocations=14852 (full 14370):
 PSYoungGen      total 2330112K, used 1165312K [0x00000006eab00000, 0x00000007c0000000, 0x00000007c0000000)
  eden space 1165312K, 100% used [0x00000006eab00000,0x0000000731d00000,0x0000000731d00000)
  from space 1164800K, 0% used [0x0000000731d00000,0x0000000731d00000,0x0000000778e80000)
  to   space 1164800K, 0% used [0x0000000778e80000,0x0000000778e80000,0x00000007c0000000)
 ParOldGen       total 6990848K, used 6533626K [0x0000000540000000, 0x00000006eab00000, 0x00000006eab00000)
  object space 6990848K, 93% used [0x0000000540000000,0x00000006cec7e890,0x00000006eab00000)
 Metaspace       used 61934K, capacity 63101K, committed 63656K, reserved 1103872K
  class space    used 9335K, capacity 9527K, committed 9640K, reserved 1048576K
Event: 24729,835 GC heap after
Heap after GC invocations=14852 (full 14370):
 PSYoungGen      total 2330112K, used 0K [0x00000006eab00000, 0x00000007c0000000, 0x00000007c0000000)
  eden space 1165312K, 0% used [0x00000006eab00000,0x00000006eab00000,0x0000000731d00000)
  from space 1164800K, 0% used [0x0000000731d00000,0x0000000731d00000,0x0000000778e80000)
  to   space 1164800K, 0% used [0x0000000778e80000,0x0000000778e80000,0x00000007c0000000)
 ParOldGen       total 6990848K, used 6571824K [0x0000000540000000, 0x00000006eab00000, 0x00000006eab00000)
  object space 6990848K, 94% used [0x0000000540000000,0x00000006d11cc028,0x00000006eab00000)
 Metaspace       used 61929K, capacity 63089K, committed 63656K, reserved 1103872K
  class space    used 9334K, capacity 9525K, committed 9640K, reserved 1048576K
}
Event: 24731,100 GC heap before
{Heap before GC invocations=14853 (full 14371):
 PSYoungGen      total 2330112K, used 1165312K [0x00000006eab00000, 0x00000007c0000000, 0x00000007c0000000)
  eden space 1165312K, 100% used [0x00000006eab00000,0x0000000731d00000,0x0000000731d00000)
  from space 1164800K, 0% used [0x0000000731d00000,0x0000000731d00000,0x0000000778e80000)
  to   space 1164800K, 0% used [0x0000000778e80000,0x0000000778e80000,0x00000007c0000000)
 ParOldGen       total 6990848K, used 6571824K [0x0000000540000000, 0x00000006eab00000, 0x00000006eab00000)
  object space 6990848K, 94% used [0x0000000540000000,0x00000006d11cc028,0x00000006eab00000)
 Metaspace       used 61929K, capacity 63089K, committed 63656K, reserved 1103872K
  class space    used 9334K, capacity 9525K, committed 9640K, reserved 1048576K
Event: 24731,264 GC heap after
Heap after GC invocations=14853 (full 14371):
 PSYoungGen      total 2330112K, used 0K [0x00000006eab00000, 0x00000007c0000000, 0x00000007c0000000)
  eden space 1165312K, 0% used [0x00000006eab00000,0x00000006eab00000,0x0000000731d00000)
  from space 1164800K, 0% used [0x0000000731d00000,0x0000000731d00000,0x0000000778e80000)
  to   space 1164800K, 0% used [0x0000000778e80000,0x0000000778e80000,0x00000007c0000000)
 ParOldGen       total 6990848K, used 6571637K [0x0000000540000000, 0x00000006eab00000, 0x00000006eab00000)
  object space 6990848K, 94% used [0x0000000540000000,0x00000006d119d7f8,0x00000006eab00000)
 Metaspace       used 61929K, capacity 63089K, committed 63656K, reserved 1103872K
  class space    used 9334K, capacity 9525K, committed 9640K, reserved 1048576K
}
Event: 24732,656 GC heap before
{Heap before GC invocations=14854 (full 14372):
 PSYoungGen      total 2330112K, used 1165312K [0x00000006eab00000, 0x00000007c0000000, 0x00000007c0000000)
  eden space 1165312K, 100% used [0x00000006eab00000,0x0000000731d00000,0x0000000731d00000)
  from space 1164800K, 0% used [0x0000000731d00000,0x0000000731d00000,0x0000000778e80000)
  to   space 1164800K, 0% used [0x0000000778e80000,0x0000000778e80000,0x00000007c0000000)
 ParOldGen       total 6990848K, used 6571637K [0x0000000540000000, 0x00000006eab00000, 0x00000006eab00000)
  object space 6990848K, 94% used [0x0000000540000000,0x00000006d119d7f8,0x00000006eab00000)
 Metaspace       used 61934K, capacity 63101K, committed 63656K, reserved 1103872K
  class space    used 9335K, capacity 9527K, committed 9640K, reserved 1048576K
Event: 24732,818 GC heap after
Heap after GC invocations=14854 (full 14372):
 PSYoungGen      total 2330112K, used 0K [0x00000006eab00000, 0x00000007c0000000, 0x00000007c0000000)
  eden space 1165312K, 0% used [0x00000006eab00000,0x00000006eab00000,0x0000000731d00000)
  from space 1164800K, 0% used [0x0000000731d00000,0x0000000731d00000,0x0000000778e80000)
  to   space 1164800K, 0% used [0x0000000778e80000,0x0000000778e80000,0x00000007c0000000)
 ParOldGen       total 6990848K, used 6588047K [0x0000000540000000, 0x00000006eab00000, 0x00000006eab00000)
  object space 6990848K, 94% used [0x0000000540000000,0x00000006d21a3ca0,0x00000006eab00000)
 Metaspace       used 61929K, capacity 63089K, committed 63656K, reserved 1103872K
  class space    used 9334K, capacity 9525K, committed 9640K, reserved 1048576K
}
Event: 24734,171 GC heap before
{Heap before GC invocations=14855 (full 14373):
 PSYoungGen      total 2330112K, used 1165312K [0x00000006eab00000, 0x00000007c0000000, 0x00000007c0000000)
  eden space 1165312K, 100% used [0x00000006eab00000,0x0000000731d00000,0x0000000731d00000)
  from space 1164800K, 0% used [0x0000000731d00000,0x0000000731d00000,0x0000000778e80000)
  to   space 1164800K, 0% used [0x0000000778e80000,0x0000000778e80000,0x00000007c0000000)
 ParOldGen       total 6990848K, used 6588047K [0x0000000540000000, 0x00000006eab00000, 0x00000006eab00000)
  object space 6990848K, 94% used [0x0000000540000000,0x00000006d21a3ca0,0x00000006eab00000)
 Metaspace       used 61934K, capacity 63101K, committed 63656K, reserved 1103872K
  class space    used 9335K, capacity 9527K, committed 9640K, reserved 1048576K
Event: 24734,326 GC heap after
Heap after GC invocations=14855 (full 14373):
 PSYoungGen      total 2330112K, used 0K [0x00000006eab00000, 0x00000007c0000000, 0x00000007c0000000)
  eden space 1165312K, 0% used [0x00000006eab00000,0x00000006eab00000,0x0000000731d00000)
  from space 1164800K, 0% used [0x0000000731d00000,0x0000000731d00000,0x0000000778e80000)
  to   space 1164800K, 0% used [0x0000000778e80000,0x0000000778e80000,0x00000007c0000000)
 ParOldGen       total 6990848K, used 6594915K [0x0000000540000000, 0x00000006eab00000, 0x00000006eab00000)
  object space 6990848K, 94% used [0x0000000540000000,0x00000006d2858cb0,0x00000006eab00000)
 Metaspace       used 61932K, capacity 63095K, committed 63656K, reserved 1103872K
  class space    used 9335K, capacity 9526K, committed 9640K, reserved 1048576K
}

